DEBUG:root:Loading source and target data...
DEBUG:root:Initializing model...
DEBUG:root:DRCN(
  (featurizer): encoder(
    (featurizer): TFCNN(
      (featurizer): Sequential(
        (0): Conv1d(4, 240, kernel_size=(20,), stride=(1,), padding=same)
        (1): ReLU()
        (2): MaxPool1d(kernel_size=15, stride=15, padding=0, dilation=1, ceil_mode=False)
      )
    )
  )
  (classifier): TFLSTM(
    (lstm): LSTM(240, 32, batch_first=True)
    (fclayers): TFMLP(
      (fclayers): Sequential(
        (0): Linear(in_features=32, out_features=1024, bias=True)
        (1): ReLU()
        (2): Dropout(p=0.5, inplace=False)
        (3): Linear(in_features=1024, out_features=512, bias=True)
        (4): Sigmoid()
        (5): Linear(in_features=512, out_features=1, bias=True)
      )
    )
  )
  (decoder): decoder(
    (dconv0): ConvTranspose1d(240, 120, kernel_size=(4,), stride=(1,))
    (bn0): BatchNorm1d(120, eps=1e-05, momentum=0.1, affine=False, track_running_stats=True)
    (prelu0): PReLU(num_parameters=1)
    (dconv1): ConvTranspose1d(120, 64, kernel_size=(3,), stride=(2,), padding=(2,))
    (bn1): BatchNorm1d(64, eps=1e-05, momentum=0.1, affine=False, track_running_stats=True)
    (prelu1): PReLU(num_parameters=1)
    (dconv2): ConvTranspose1d(64, 32, kernel_size=(3,), stride=(2,), padding=(4,))
    (bn2): BatchNorm1d(32, eps=1e-05, momentum=0.1, affine=False, track_running_stats=True)
    (prelu2): PReLU(num_parameters=1)
    (dconv3): ConvTranspose1d(32, 16, kernel_size=(3,), stride=(2,), padding=(4,))
    (bn3): BatchNorm1d(16, eps=1e-05, momentum=0.1, affine=False, track_running_stats=True)
    (prelu3): PReLU(num_parameters=1)
    (dconv4): ConvTranspose1d(16, 8, kernel_size=(3,), stride=(2,), padding=(4,))
    (bn4): BatchNorm1d(8, eps=1e-05, momentum=0.1, affine=False, track_running_stats=True)
    (prelu4): PReLU(num_parameters=1)
    (dconv5): ConvTranspose1d(8, 4, kernel_size=(2,), stride=(1,), padding=(2,))
    (softmax): Softmax(dim=1)
  )
)
DEBUG:root:The model has 760234 parameters.
DEBUG:root:Making samplers...
DEBUG:root:Reconstruction Loss: 0.17575385938357885, Classification Loss: 0.23479702603342364
DEBUG:root:Epoch: 0, Validation Loss: 0.39525266567048684, Validation Reconstruction Loss: 0.17383971740757903, Validation APS: 0.19663014443434246
DEBUG:root:Reconstruction Loss: 0.173739836645887, Classification Loss: 0.22846194553528548
DEBUG:root:Epoch: 1, Validation Loss: 0.4198495939426039, Validation Reconstruction Loss: 0.17318563130619138, Validation APS: 0.20274059606150868
DEBUG:root:Reconstruction Loss: 0.17327767337526795, Classification Loss: 0.22221114310930035
DEBUG:root:Epoch: 2, Validation Loss: 0.39716090593756803, Validation Reconstruction Loss: 0.17301198221468578, Validation APS: 0.19779116791620135
DEBUG:root:Reconstruction Loss: 0.17305557384363912, Classification Loss: 0.21828451011390235
DEBUG:root:Epoch: 3, Validation Loss: 0.37808423943987984, Validation Reconstruction Loss: 0.17306794033041462, Validation APS: 0.201052726693959
DEBUG:root:Reconstruction Loss: 0.17293813800240684, Classification Loss: 0.21307157803201698
DEBUG:root:Epoch: 4, Validation Loss: 0.3751985317207355, Validation Reconstruction Loss: 0.17300080878629326, Validation APS: 0.19534605199254257
DEBUG:root:Reconstruction Loss: 0.17283909096510458, Classification Loss: 0.22193169660560333
DEBUG:root:Epoch: 5, Validation Loss: 0.39099673561401527, Validation Reconstruction Loss: 0.17295036028024457, Validation APS: 0.19974184648301535
DEBUG:root:Reconstruction Loss: 0.17275197585184784, Classification Loss: 0.21951886465713533
DEBUG:root:Epoch: 6, Validation Loss: 0.38877537399246265, Validation Reconstruction Loss: 0.17289934205565835, Validation APS: 0.19928730112454857
DEBUG:root:Early stopping criterion fulfilled!
DEBUG:parso.cache:pickle loaded: /storage/home/d/dzb5732/work/.dda/lib/python3.7/site-packages/jedi/third_party/typeshed/stdlib/2and3/builtins.pyi
DEBUG:parso.cache:pickle loaded: /storage/home/d/dzb5732/work/.dda/lib/python3.7/site-packages/jedi/third_party/typeshed/stdlib/3/sys.pyi
DEBUG:parso.python.diff:diff parser start
DEBUG:parso.python.diff:line_lengths old: 1; new: 1
DEBUG:parso.python.diff:-> code[replace] old[1:1] new[1:1]
DEBUG:parso.python.diff:parse_part from 1 to 1 (to 0 in part parser)
DEBUG:parso.python.diff:diff parser end
