DEBUG:root:==== Loading model for source domain ====
DEBUG:root:>>> Source Encoder <<<
DEBUG:root:TFCNN(
  (featurizer): Sequential(
    (0): Conv1d(4, 240, kernel_size=(20,), stride=(1,), padding=same)
    (1): ReLU()
    (2): MaxPool1d(kernel_size=15, stride=15, padding=0, dilation=1, ceil_mode=False)
  )
)
DEBUG:root:>>> Source Classifier <<<
DEBUG:root:TFLSTM(
  (lstm): LSTM(240, 32, batch_first=True)
  (fclayers): TFMLP(
    (fclayers): Sequential(
      (0): Linear(in_features=32, out_features=1024, bias=True)
      (1): ReLU()
      (2): Dropout(p=0.5, inplace=False)
      (3): Linear(in_features=1024, out_features=512, bias=True)
      (4): Sigmoid()
      (5): Linear(in_features=512, out_features=1, bias=True)
    )
  )
)
DEBUG:root:==== Training encoder for target domain ====
DEBUG:root:>>> Target Encoder <<<
DEBUG:root:TFCNN(
  (featurizer): Sequential(
    (0): Conv1d(4, 240, kernel_size=(20,), stride=(1,), padding=same)
    (1): ReLU()
    (2): MaxPool1d(kernel_size=15, stride=15, padding=0, dilation=1, ceil_mode=False)
  )
)
DEBUG:root:>>> Discriminator <<<
DEBUG:root:TFMLP(
  (fclayers): Sequential(
    (0): Linear(in_features=7920, out_features=1024, bias=True)
    (1): ReLU()
    (2): Dropout(p=0.5, inplace=False)
    (3): Linear(in_features=1024, out_features=512, bias=True)
    (4): Sigmoid()
    (5): Linear(in_features=512, out_features=1, bias=True)
  )
)
DEBUG:root:Source samples: 377380, Target samples: 431797
DEBUG:root:Source dataset size = 3385887
DEBUG:root:Target dataset size = 4030010
DEBUG:root:Source Validation APS: 0.333136152601636, Target Validation APS: 0.18968891579734382 after 0 epochs.
DEBUG:root:Encoder saved at ../torch_models/mm10/CEBPA/adda/adda_tgt_enc_0.pth after 0 epochs
DEBUG:root:Source dataset size = 3385887
DEBUG:root:Target dataset size = 4030010
DEBUG:root:Source Validation APS: 0.32052780510192813, Target Validation APS: 0.1910185384325369 after 1 epochs.
DEBUG:root:Encoder saved at ../torch_models/mm10/CEBPA/adda/adda_tgt_enc_1.pth after 1 epochs
DEBUG:root:Source dataset size = 3385887
DEBUG:root:Target dataset size = 4030010
DEBUG:root:Source Validation APS: 0.32400775057261455, Target Validation APS: 0.21464239671836904 after 2 epochs.
DEBUG:root:Encoder saved at ../torch_models/mm10/CEBPA/adda/adda_tgt_enc_2.pth after 2 epochs
DEBUG:root:Source dataset size = 3385887
DEBUG:root:Target dataset size = 4030010
DEBUG:root:Source Validation APS: 0.317105603172016, Target Validation APS: 0.22763319081110764 after 3 epochs.
DEBUG:root:Encoder saved at ../torch_models/mm10/CEBPA/adda/adda_tgt_enc_3.pth after 3 epochs
DEBUG:root:Source dataset size = 3385887
DEBUG:root:Target dataset size = 4030010
DEBUG:root:Source Validation APS: 0.317787906338443, Target Validation APS: 0.23188343615365226 after 4 epochs.
DEBUG:root:Encoder saved at ../torch_models/mm10/CEBPA/adda/adda_tgt_enc_4.pth after 4 epochs
DEBUG:root:Source dataset size = 3385887
DEBUG:root:Target dataset size = 4030010
DEBUG:root:Source Validation APS: 0.30886767114833813, Target Validation APS: 0.2185554426762437 after 5 epochs.
DEBUG:root:Encoder saved at ../torch_models/mm10/CEBPA/adda/adda_tgt_enc_5.pth after 5 epochs
DEBUG:root:Source dataset size = 3385887
DEBUG:root:Target dataset size = 4030010
DEBUG:root:Source Validation APS: 0.29964718819223507, Target Validation APS: 0.2103731529364178 after 6 epochs.
DEBUG:root:Encoder saved at ../torch_models/mm10/CEBPA/adda/adda_tgt_enc_6.pth after 6 epochs
DEBUG:root:Source dataset size = 3385887
DEBUG:root:Target dataset size = 4030010
DEBUG:root:Source Validation APS: 0.28430763434359957, Target Validation APS: 0.20686120812924924 after 7 epochs.
DEBUG:root:Encoder saved at ../torch_models/mm10/CEBPA/adda/adda_tgt_enc_7.pth after 7 epochs
DEBUG:root:Source dataset size = 3385887
DEBUG:root:Target dataset size = 4030010
DEBUG:root:Source Validation APS: 0.27276791736227085, Target Validation APS: 0.18984112488638838 after 8 epochs.
DEBUG:root:Encoder saved at ../torch_models/mm10/CEBPA/adda/adda_tgt_enc_8.pth after 8 epochs
DEBUG:root:Source dataset size = 3385887
DEBUG:root:Target dataset size = 4030010
DEBUG:root:Source Validation APS: 0.25964252170029867, Target Validation APS: 0.18373306547407903 after 9 epochs.
DEBUG:root:Encoder saved at ../torch_models/mm10/CEBPA/adda/adda_tgt_enc_9.pth after 9 epochs
