DEBUG:root:Loading source and target data...
DEBUG:root:Initializing model...
DEBUG:root:TFCoCD(
  (featurizer): TFCNN(
    (featurizer): Sequential(
      (0): Conv1d(4, 240, kernel_size=(20,), stride=(1,), padding=same)
      (1): ReLU()
      (2): MaxPool1d(kernel_size=15, stride=15, padding=0, dilation=1, ceil_mode=False)
    )
  )
  (cd_lstm): TFLSTM_(
    (lstm): LSTM(240, 32, batch_first=True)
  )
  (cd_mlp): TFMLP_(
    (fclayers): Sequential(
      (0): Linear(in_features=32, out_features=128, bias=True)
      (1): ReLU()
      (2): Dropout(p=0.5, inplace=False)
      (3): Linear(in_features=128, out_features=64, bias=True)
      (4): Sigmoid()
      (5): Linear(in_features=64, out_features=32, bias=True)
    )
  )
  (c_slp): TFSLP(
    (fclayers): Sequential(
      (0): Linear(in_features=32, out_features=1, bias=True)
    )
  )
  (d_slp): TFSLP(
    (fclayers): Sequential(
      (0): Linear(in_features=32, out_features=1, bias=True)
    )
  )
)
DEBUG:root:The model has 5276672 parameters.
DEBUG:root:Making samplers...
DEBUG:root:Discriminator Loss: 0.6140407621489669, Classification Loss: 0.544206851537869, Fake/Real Accuracy: 0.43071955360846076, Generator Loss: 0.6928391242017392
DEBUG:root:Epoch: 0, Validation Loss: 0.4283194628915619, Validation APS: 0.1684461570853315
DEBUG:root:Discriminator Loss: 0.46490961616709675, Classification Loss: 0.3951025004519909, Fake/Real Accuracy: 0.4100817217959338, Generator Loss: 0.6916619361880815
DEBUG:root:Epoch: 1, Validation Loss: 0.3601748927864328, Validation APS: 0.22593903827092754
DEBUG:root:Discriminator Loss: 0.4302331615364531, Classification Loss: 0.36074771666887806, Fake/Real Accuracy: 0.44913004523537936, Generator Loss: 0.6917366025013714
DEBUG:root:Epoch: 2, Validation Loss: 0.42530578419369003, Validation APS: 0.24734279191204475
DEBUG:root:Discriminator Loss: 0.41117213692397137, Classification Loss: 0.3416407930064836, Fake/Real Accuracy: 0.3914986811748236, Generator Loss: 0.6915577351428934
DEBUG:root:Epoch: 3, Validation Loss: 0.3071762032088575, Validation APS: 0.26483392208213874
DEBUG:root:Discriminator Loss: 0.3993397155140801, Classification Loss: 0.32986279686102504, Fake/Real Accuracy: 0.4031578896204903, Generator Loss: 0.6918316227007304
DEBUG:root:Epoch: 4, Validation Loss: 0.21674276864145567, Validation APS: 0.280222426975814
