DEBUG:root:Loading source and target data...
DEBUG:root:Initializing model...
DEBUG:root:DRCN(
  (featurizer): encoder(
    (featurizer): TFCNN(
      (featurizer): Sequential(
        (0): Conv1d(4, 240, kernel_size=(20,), stride=(1,), padding=same)
        (1): ReLU()
        (2): MaxPool1d(kernel_size=15, stride=15, padding=0, dilation=1, ceil_mode=False)
      )
    )
  )
  (classifier): TFLSTM(
    (lstm): LSTM(240, 32, batch_first=True)
    (fclayers): TFMLP(
      (fclayers): Sequential(
        (0): Linear(in_features=32, out_features=1024, bias=True)
        (1): ReLU()
        (2): Dropout(p=0.5, inplace=False)
        (3): Linear(in_features=1024, out_features=512, bias=True)
        (4): Sigmoid()
        (5): Linear(in_features=512, out_features=1, bias=True)
      )
    )
  )
  (decoder): decoder(
    (dconv0): ConvTranspose1d(240, 120, kernel_size=(4,), stride=(1,))
    (bn0): BatchNorm1d(120, eps=1e-05, momentum=0.1, affine=False, track_running_stats=True)
    (prelu0): PReLU(num_parameters=1)
    (dconv1): ConvTranspose1d(120, 64, kernel_size=(3,), stride=(2,), padding=(2,))
    (bn1): BatchNorm1d(64, eps=1e-05, momentum=0.1, affine=False, track_running_stats=True)
    (prelu1): PReLU(num_parameters=1)
    (dconv2): ConvTranspose1d(64, 32, kernel_size=(3,), stride=(2,), padding=(4,))
    (bn2): BatchNorm1d(32, eps=1e-05, momentum=0.1, affine=False, track_running_stats=True)
    (prelu2): PReLU(num_parameters=1)
    (dconv3): ConvTranspose1d(32, 16, kernel_size=(3,), stride=(2,), padding=(4,))
    (bn3): BatchNorm1d(16, eps=1e-05, momentum=0.1, affine=False, track_running_stats=True)
    (prelu3): PReLU(num_parameters=1)
    (dconv4): ConvTranspose1d(16, 8, kernel_size=(3,), stride=(2,), padding=(4,))
    (bn4): BatchNorm1d(8, eps=1e-05, momentum=0.1, affine=False, track_running_stats=True)
    (prelu4): PReLU(num_parameters=1)
    (dconv5): ConvTranspose1d(8, 4, kernel_size=(2,), stride=(1,), padding=(2,))
    (softmax): Softmax(dim=1)
  )
)
DEBUG:root:The model has 760234 parameters.
DEBUG:root:Making samplers...
DEBUG:root:Reconstruction Loss: 0.18554715473137923, Classification Loss: 0.24777460713943336
DEBUG:root:Epoch: 0, Validation Loss: 0.4332665647539814, Validation Reconstruction Loss: 0.17883497494091818, Validation APS: 0.17965404923133216
DEBUG:root:Reconstruction Loss: 0.17865222561621147, Classification Loss: 0.2466232941119733
DEBUG:root:Epoch: 1, Validation Loss: 0.34021649249797337, Validation Reconstruction Loss: 0.1762323591626203, Validation APS: 0.1866483884082929
DEBUG:root:Reconstruction Loss: 0.1774198732630696, Classification Loss: 0.24228390664635538
DEBUG:root:Epoch: 2, Validation Loss: 0.38100111104661527, Validation Reconstruction Loss: 0.17561860683136224, Validation APS: 0.1801429297363193
DEBUG:root:Reconstruction Loss: 0.1770802205670142, Classification Loss: 0.24566810737231998
DEBUG:root:Epoch: 3, Validation Loss: 0.38885326473825843, Validation Reconstruction Loss: 0.17543171808653724, Validation APS: 0.18802520077430154
DEBUG:root:Reconstruction Loss: 0.17692579302245265, Classification Loss: 0.23731180259627016
DEBUG:root:Epoch: 4, Validation Loss: 0.4132390728189583, Validation Reconstruction Loss: 0.17532638778491075, Validation APS: 0.18021494742827468
DEBUG:root:Reconstruction Loss: 0.17682402966146232, Classification Loss: 0.2402885467587355
DEBUG:root:Epoch: 5, Validation Loss: 0.328751059693995, Validation Reconstruction Loss: 0.175265920998143, Validation APS: 0.18621730203771492
DEBUG:root:Reconstruction Loss: 0.17674646019459733, Classification Loss: 0.23943465583755102
DEBUG:root:Epoch: 6, Validation Loss: 0.4212606811761058, Validation Reconstruction Loss: 0.17521618590175422, Validation APS: 0.18355148391799805
DEBUG:root:Reconstruction Loss: 0.17667372932215156, Classification Loss: 0.24527002908215065
DEBUG:root:Epoch: 7, Validation Loss: 0.40600267859954553, Validation Reconstruction Loss: 0.17516979023227286, Validation APS: 0.17984934297422933
DEBUG:root:Reconstruction Loss: 0.17660392570995265, Classification Loss: 0.24287180662036184
DEBUG:root:Epoch: 8, Validation Loss: 0.3824285207342313, Validation Reconstruction Loss: 0.1751268229659133, Validation APS: 0.18228766976333852
DEBUG:root:Early stopping criterion fulfilled!
