DEBUG:root:==== Loading model for source domain ====
DEBUG:root:>>> Source Encoder <<<
DEBUG:root:TFCNN(
  (featurizer): Sequential(
    (0): Conv1d(4, 240, kernel_size=(20,), stride=(1,), padding=same)
    (1): ReLU()
    (2): MaxPool1d(kernel_size=15, stride=15, padding=0, dilation=1, ceil_mode=False)
  )
)
DEBUG:root:>>> Source Classifier <<<
DEBUG:root:TFLSTM(
  (lstm): LSTM(240, 32, batch_first=True)
  (fclayers): TFMLP(
    (fclayers): Sequential(
      (0): Linear(in_features=32, out_features=1024, bias=True)
      (1): ReLU()
      (2): Dropout(p=0.5, inplace=False)
      (3): Linear(in_features=1024, out_features=512, bias=True)
      (4): Sigmoid()
      (5): Linear(in_features=512, out_features=1, bias=True)
    )
  )
)
DEBUG:root:==== Training encoder for target domain ====
DEBUG:root:>>> Target Encoder <<<
DEBUG:root:TFCNN(
  (featurizer): Sequential(
    (0): Conv1d(4, 240, kernel_size=(20,), stride=(1,), padding=same)
    (1): ReLU()
    (2): MaxPool1d(kernel_size=15, stride=15, padding=0, dilation=1, ceil_mode=False)
  )
)
DEBUG:root:>>> Discriminator <<<
DEBUG:root:TFMLP(
  (fclayers): Sequential(
    (0): Linear(in_features=7920, out_features=1024, bias=True)
    (1): ReLU()
    (2): Dropout(p=0.5, inplace=False)
    (3): Linear(in_features=1024, out_features=512, bias=True)
    (4): Sigmoid()
    (5): Linear(in_features=512, out_features=1, bias=True)
  )
)
DEBUG:root:Source samples: 377380, Target samples: 431797
DEBUG:root:Source dataset size = 3385887
DEBUG:root:Target dataset size = 4030010
DEBUG:root:Source Validation APS: 0.6200752841606803, Target Validation APS: 0.5584662112012204 after 0 epochs.
DEBUG:root:Encoder saved at ../../torch_models/mm10/CTCF/adda/adda_tgt_enc_0.pth after 0 epochs
DEBUG:root:Source dataset size = 3385887
DEBUG:root:Target dataset size = 4030010
DEBUG:root:Source Validation APS: 0.6152291713444055, Target Validation APS: 0.5678524566837101 after 1 epochs.
DEBUG:root:Encoder saved at ../../torch_models/mm10/CTCF/adda/adda_tgt_enc_1.pth after 1 epochs
DEBUG:root:Source dataset size = 3385887
DEBUG:root:Target dataset size = 4030010
DEBUG:root:Source Validation APS: 0.6144561548535742, Target Validation APS: 0.5646943157811046 after 2 epochs.
DEBUG:root:Encoder saved at ../../torch_models/mm10/CTCF/adda/adda_tgt_enc_2.pth after 2 epochs
DEBUG:root:Source dataset size = 3385887
DEBUG:root:Target dataset size = 4030010
DEBUG:root:Source Validation APS: 0.6154916459564082, Target Validation APS: 0.5519879277339312 after 3 epochs.
DEBUG:root:Encoder saved at ../../torch_models/mm10/CTCF/adda/adda_tgt_enc_3.pth after 3 epochs
DEBUG:root:Source dataset size = 3385887
DEBUG:root:Target dataset size = 4030010
DEBUG:root:Source Validation APS: 0.6124368664389493, Target Validation APS: 0.5724174238263087 after 4 epochs.
DEBUG:root:Encoder saved at ../../torch_models/mm10/CTCF/adda/adda_tgt_enc_4.pth after 4 epochs
DEBUG:root:Source dataset size = 3385887
DEBUG:root:Target dataset size = 4030010
DEBUG:root:Source Validation APS: 0.6173882262608077, Target Validation APS: 0.5650847922240523 after 5 epochs.
DEBUG:root:Encoder saved at ../../torch_models/mm10/CTCF/adda/adda_tgt_enc_5.pth after 5 epochs
DEBUG:root:Source dataset size = 3385887
DEBUG:root:Target dataset size = 4030010
DEBUG:root:Source Validation APS: 0.6123328124944647, Target Validation APS: 0.5825002075812495 after 6 epochs.
DEBUG:root:Encoder saved at ../../torch_models/mm10/CTCF/adda/adda_tgt_enc_6.pth after 6 epochs
DEBUG:root:Source dataset size = 3385887
DEBUG:root:Target dataset size = 4030010
DEBUG:root:Source Validation APS: 0.598430754212793, Target Validation APS: 0.576245156888469 after 7 epochs.
DEBUG:root:Encoder saved at ../../torch_models/mm10/CTCF/adda/adda_tgt_enc_7.pth after 7 epochs
DEBUG:root:Source dataset size = 3385887
DEBUG:root:Target dataset size = 4030010
DEBUG:root:Source Validation APS: 0.605463139081446, Target Validation APS: 0.5851724508368307 after 8 epochs.
DEBUG:root:Encoder saved at ../../torch_models/mm10/CTCF/adda/adda_tgt_enc_8.pth after 8 epochs
DEBUG:root:Source dataset size = 3385887
DEBUG:root:Target dataset size = 4030010
DEBUG:root:Source Validation APS: 0.5937398872777622, Target Validation APS: 0.5765765183473809 after 9 epochs.
DEBUG:root:Encoder saved at ../../torch_models/mm10/CTCF/adda/adda_tgt_enc_9.pth after 9 epochs
