DEBUG:root:Loading source and target data...
DEBUG:root:Initializing model...
DEBUG:root:DRCN(
  (featurizer): encoder(
    (featurizer): TFCNN(
      (featurizer): Sequential(
        (0): Conv1d(4, 240, kernel_size=(20,), stride=(1,), padding=same)
        (1): ReLU()
        (2): MaxPool1d(kernel_size=15, stride=15, padding=0, dilation=1, ceil_mode=False)
      )
    )
  )
  (classifier): TFLSTM(
    (lstm): LSTM(240, 32, batch_first=True)
    (fclayers): TFMLP(
      (fclayers): Sequential(
        (0): Linear(in_features=32, out_features=1024, bias=True)
        (1): ReLU()
        (2): Dropout(p=0.5, inplace=False)
        (3): Linear(in_features=1024, out_features=512, bias=True)
        (4): Sigmoid()
        (5): Linear(in_features=512, out_features=1, bias=True)
      )
    )
  )
  (decoder): decoder(
    (dconv0): ConvTranspose1d(240, 120, kernel_size=(4,), stride=(1,))
    (bn0): BatchNorm1d(120, eps=1e-05, momentum=0.1, affine=False, track_running_stats=True)
    (prelu0): PReLU(num_parameters=1)
    (dconv1): ConvTranspose1d(120, 64, kernel_size=(3,), stride=(2,), padding=(2,))
    (bn1): BatchNorm1d(64, eps=1e-05, momentum=0.1, affine=False, track_running_stats=True)
    (prelu1): PReLU(num_parameters=1)
    (dconv2): ConvTranspose1d(64, 32, kernel_size=(3,), stride=(2,), padding=(4,))
    (bn2): BatchNorm1d(32, eps=1e-05, momentum=0.1, affine=False, track_running_stats=True)
    (prelu2): PReLU(num_parameters=1)
    (dconv3): ConvTranspose1d(32, 16, kernel_size=(3,), stride=(2,), padding=(4,))
    (bn3): BatchNorm1d(16, eps=1e-05, momentum=0.1, affine=False, track_running_stats=True)
    (prelu3): PReLU(num_parameters=1)
    (dconv4): ConvTranspose1d(16, 8, kernel_size=(3,), stride=(2,), padding=(4,))
    (bn4): BatchNorm1d(8, eps=1e-05, momentum=0.1, affine=False, track_running_stats=True)
    (prelu4): PReLU(num_parameters=1)
    (dconv5): ConvTranspose1d(8, 4, kernel_size=(2,), stride=(1,), padding=(2,))
    (softmax): Softmax(dim=1)
  )
)
DEBUG:root:The model has 760234 parameters.
DEBUG:root:Making samplers...
DEBUG:root:Reconstruction Loss: 0.18447400564086178, Classification Loss: 0.09684885625993297
DEBUG:root:Epoch: 0, Validation Loss: 0.13914773210050632, Validation Reconstruction Loss: 0.1781974803689474, Validation APS: 0.5508853136875917
DEBUG:root:Reconstruction Loss: 0.17810074449656257, Classification Loss: 0.09754016330677588
DEBUG:root:Epoch: 1, Validation Loss: 0.14240841727509757, Validation Reconstruction Loss: 0.17582616232704795, Validation APS: 0.540743523272311
DEBUG:root:Reconstruction Loss: 0.17700159035162044, Classification Loss: 0.09683372330165914
DEBUG:root:Epoch: 2, Validation Loss: 0.16312473359117782, Validation Reconstruction Loss: 0.1752649124385138, Validation APS: 0.541070584459052
DEBUG:root:Reconstruction Loss: 0.17665740002891014, Classification Loss: 0.09553574848020381
DEBUG:root:Epoch: 3, Validation Loss: 0.16118421846275305, Validation Reconstruction Loss: 0.1750504914505507, Validation APS: 0.5308819082036826
DEBUG:root:Reconstruction Loss: 0.17648488491357203, Classification Loss: 0.09770330444662392
DEBUG:root:Epoch: 4, Validation Loss: 0.1587149274075139, Validation Reconstruction Loss: 0.17492112639008717, Validation APS: 0.5490220058912479
DEBUG:root:Reconstruction Loss: 0.17634089460629906, Classification Loss: 0.09139617343624667
DEBUG:root:Epoch: 5, Validation Loss: 0.1520377396387866, Validation Reconstruction Loss: 0.1747982576868133, Validation APS: 0.547754282080557
DEBUG:root:Early stopping criterion fulfilled!
