DEBUG:root:Loading source and target data...
DEBUG:root:Initializing model...
DEBUG:root:DRCN(
  (featurizer): encoder(
    (featurizer): TFCNN(
      (featurizer): Sequential(
        (0): Conv1d(4, 240, kernel_size=(20,), stride=(1,), padding=same)
        (1): ReLU()
        (2): MaxPool1d(kernel_size=15, stride=15, padding=0, dilation=1, ceil_mode=False)
      )
    )
  )
  (classifier): TFLSTM(
    (lstm): LSTM(240, 32, batch_first=True)
    (fclayers): TFMLP(
      (fclayers): Sequential(
        (0): Linear(in_features=32, out_features=1024, bias=True)
        (1): ReLU()
        (2): Dropout(p=0.5, inplace=False)
        (3): Linear(in_features=1024, out_features=512, bias=True)
        (4): Sigmoid()
        (5): Linear(in_features=512, out_features=1, bias=True)
      )
    )
  )
  (decoder): decoder(
    (dconv0): ConvTranspose1d(240, 120, kernel_size=(4,), stride=(1,))
    (bn0): BatchNorm1d(120, eps=1e-05, momentum=0.1, affine=False, track_running_stats=True)
    (prelu0): PReLU(num_parameters=1)
    (dconv1): ConvTranspose1d(120, 64, kernel_size=(3,), stride=(2,), padding=(2,))
    (bn1): BatchNorm1d(64, eps=1e-05, momentum=0.1, affine=False, track_running_stats=True)
    (prelu1): PReLU(num_parameters=1)
    (dconv2): ConvTranspose1d(64, 32, kernel_size=(3,), stride=(2,), padding=(4,))
    (bn2): BatchNorm1d(32, eps=1e-05, momentum=0.1, affine=False, track_running_stats=True)
    (prelu2): PReLU(num_parameters=1)
    (dconv3): ConvTranspose1d(32, 16, kernel_size=(3,), stride=(2,), padding=(4,))
    (bn3): BatchNorm1d(16, eps=1e-05, momentum=0.1, affine=False, track_running_stats=True)
    (prelu3): PReLU(num_parameters=1)
    (dconv4): ConvTranspose1d(16, 8, kernel_size=(3,), stride=(2,), padding=(4,))
    (bn4): BatchNorm1d(8, eps=1e-05, momentum=0.1, affine=False, track_running_stats=True)
    (prelu4): PReLU(num_parameters=1)
    (dconv5): ConvTranspose1d(8, 4, kernel_size=(2,), stride=(1,), padding=(2,))
    (softmax): Softmax(dim=1)
  )
)
DEBUG:root:The model has 760234 parameters.
DEBUG:root:Making samplers...
DEBUG:root:Reconstruction Loss: 0.1852747424395974, Classification Loss: 0.33760162853373743
DEBUG:root:Epoch: 0, Validation Loss: 0.3519967798512849, Validation Reconstruction Loss: 0.17865141270045565, Validation APS: 0.17745763785362756
DEBUG:root:Reconstruction Loss: 0.1785462972170818, Classification Loss: 0.2110193629643162
DEBUG:root:Epoch: 1, Validation Loss: 0.3994138338597164, Validation Reconstruction Loss: 0.1761785780554198, Validation APS: 0.1711244592538588
DEBUG:root:Reconstruction Loss: 0.17737114447319546, Classification Loss: 0.20282698546103145
DEBUG:root:Epoch: 2, Validation Loss: 0.3689553936294918, Validation Reconstruction Loss: 0.17558267263854158, Validation APS: 0.17587578454083969
DEBUG:root:Reconstruction Loss: 0.17703359881917866, Classification Loss: 0.20479980551316104
DEBUG:root:Epoch: 3, Validation Loss: 0.3360924695108425, Validation Reconstruction Loss: 0.1753823844552645, Validation APS: 0.17658559230903464
DEBUG:root:Reconstruction Loss: 0.1768809616744162, Classification Loss: 0.19866933446087529
DEBUG:root:Epoch: 4, Validation Loss: 0.3629034584591678, Validation Reconstruction Loss: 0.17528491287363213, Validation APS: 0.17714712701175164
DEBUG:root:Reconstruction Loss: 0.1767781671887624, Classification Loss: 0.20306819843912788
DEBUG:root:Epoch: 5, Validation Loss: 0.3090154261995706, Validation Reconstruction Loss: 0.17521513997561786, Validation APS: 0.1688062496037618
DEBUG:root:Early stopping criterion fulfilled!
