DEBUG:root:==== Loading model for source domain ====
DEBUG:root:>>> Source Encoder <<<
DEBUG:root:TFCNN(
  (featurizer): Sequential(
    (0): Conv1d(4, 240, kernel_size=(20,), stride=(1,), padding=same)
    (1): ReLU()
    (2): MaxPool1d(kernel_size=15, stride=15, padding=0, dilation=1, ceil_mode=False)
  )
)
DEBUG:root:>>> Source Classifier <<<
DEBUG:root:TFLSTM(
  (lstm): LSTM(240, 32, batch_first=True)
  (fclayers): TFMLP(
    (fclayers): Sequential(
      (0): Linear(in_features=32, out_features=1024, bias=True)
      (1): ReLU()
      (2): Dropout(p=0.5, inplace=False)
      (3): Linear(in_features=1024, out_features=512, bias=True)
      (4): Sigmoid()
      (5): Linear(in_features=512, out_features=1, bias=True)
    )
  )
)
DEBUG:root:==== Training encoder for target domain ====
DEBUG:root:>>> Target Encoder <<<
DEBUG:root:TFCNN(
  (featurizer): Sequential(
    (0): Conv1d(4, 240, kernel_size=(20,), stride=(1,), padding=same)
    (1): ReLU()
    (2): MaxPool1d(kernel_size=15, stride=15, padding=0, dilation=1, ceil_mode=False)
  )
)
DEBUG:root:>>> Discriminator <<<
DEBUG:root:TFMLP(
  (fclayers): Sequential(
    (0): Linear(in_features=7920, out_features=1024, bias=True)
    (1): ReLU()
    (2): Dropout(p=0.5, inplace=False)
    (3): Linear(in_features=1024, out_features=512, bias=True)
    (4): Sigmoid()
    (5): Linear(in_features=512, out_features=1, bias=True)
  )
)
DEBUG:root:Source samples: 377380, Target samples: 431797
DEBUG:root:Loss Discriminator: 0.6945106108747316 Loss Encoder: 0.6939436879256686, Domain Accuracy: 0.47852186510862105
DEBUG:root:Source dataset size = 3385887
DEBUG:root:Target dataset size = 4030010
DEBUG:root:Source Validation APS: 0.2310546135106255, Target Validation APS: 0.19339629541781492 after 0 epochs.
DEBUG:root:Encoder saved at ../../torch_models/mm10/Hnf4a/adda/adda_tgt_enc_0.pth after 0 epochs
DEBUG:root:Loss Discriminator: 0.6926297227343255 Loss Encoder: 0.6935932081662806, Domain Accuracy: 0.49807622981382177
DEBUG:root:Source dataset size = 3385887
DEBUG:root:Target dataset size = 4030010
DEBUG:root:Source Validation APS: 0.22884707598172896, Target Validation APS: 0.18010810777197853 after 1 epochs.
DEBUG:root:Encoder saved at ../../torch_models/mm10/Hnf4a/adda/adda_tgt_enc_1.pth after 1 epochs
DEBUG:root:Loss Discriminator: 0.6946878772062615 Loss Encoder: 0.6934193071872596, Domain Accuracy: 0.40009570946846773
DEBUG:root:Source dataset size = 3385887
DEBUG:root:Target dataset size = 4030010
DEBUG:root:Source Validation APS: 0.2335400210521611, Target Validation APS: 0.20239002223496588 after 2 epochs.
DEBUG:root:Encoder saved at ../../torch_models/mm10/Hnf4a/adda/adda_tgt_enc_2.pth after 2 epochs
DEBUG:root:Loss Discriminator: 0.6935820656778214 Loss Encoder: 0.6935360311774427, Domain Accuracy: 0.47003061282103703
DEBUG:root:Source dataset size = 3385887
DEBUG:root:Target dataset size = 4030010
DEBUG:root:Source Validation APS: 0.2393411291594444, Target Validation APS: 0.19213702646236458 after 3 epochs.
DEBUG:root:Encoder saved at ../../torch_models/mm10/Hnf4a/adda/adda_tgt_enc_3.pth after 3 epochs
DEBUG:root:Loss Discriminator: 0.6931248626466184 Loss Encoder: 0.6939682635596184, Domain Accuracy: 0.5034165564806486
DEBUG:root:Source dataset size = 3385887
DEBUG:root:Target dataset size = 4030010
DEBUG:root:Source Validation APS: 0.23743566961781287, Target Validation APS: 0.20024924329431112 after 4 epochs.
DEBUG:root:Encoder saved at ../../torch_models/mm10/Hnf4a/adda/adda_tgt_enc_4.pth after 4 epochs
DEBUG:root:Loss Discriminator: 0.6929534186788658 Loss Encoder: 0.6946462053739888, Domain Accuracy: 0.5096640042211811
DEBUG:root:Source dataset size = 3385887
DEBUG:root:Target dataset size = 4030010
DEBUG:root:Source Validation APS: 0.24109203111108557, Target Validation APS: 0.1978040861161419 after 5 epochs.
DEBUG:root:Encoder saved at ../../torch_models/mm10/Hnf4a/adda/adda_tgt_enc_5.pth after 5 epochs
DEBUG:root:Loss Discriminator: 0.6928587806914682 Loss Encoder: 0.6960428688103978, Domain Accuracy: 0.5183982494080922
DEBUG:root:Source dataset size = 3385887
DEBUG:root:Target dataset size = 4030010
DEBUG:root:Source Validation APS: 0.22080899971373594, Target Validation APS: 0.18705066424930755 after 6 epochs.
DEBUG:root:Encoder saved at ../../torch_models/mm10/Hnf4a/adda/adda_tgt_enc_6.pth after 6 epochs
DEBUG:root:Loss Discriminator: 0.6915626904025035 Loss Encoder: 0.6976572152030036, Domain Accuracy: 0.5265388530091151
DEBUG:root:Source dataset size = 3385887
DEBUG:root:Target dataset size = 4030010
DEBUG:root:Source Validation APS: 0.22348899124263805, Target Validation APS: 0.17344021713042374 after 7 epochs.
DEBUG:root:Encoder saved at ../../torch_models/mm10/Hnf4a/adda/adda_tgt_enc_7.pth after 7 epochs
DEBUG:root:Loss Discriminator: 0.6929624087212722 Loss Encoder: 0.6994930342992239, Domain Accuracy: 0.4951962167395148
DEBUG:root:Source dataset size = 3385887
DEBUG:root:Target dataset size = 4030010
DEBUG:root:Source Validation APS: 0.19892350627690572, Target Validation APS: 0.17238661367528552 after 8 epochs.
DEBUG:root:Encoder saved at ../../torch_models/mm10/Hnf4a/adda/adda_tgt_enc_8.pth after 8 epochs
DEBUG:root:Loss Discriminator: 0.690341957453082 Loss Encoder: 0.7019179172035469, Domain Accuracy: 0.5369652346143068
DEBUG:root:Source dataset size = 3385887
DEBUG:root:Target dataset size = 4030010
DEBUG:root:Source Validation APS: 0.18276102914724085, Target Validation APS: 0.16806598092602168 after 9 epochs.
DEBUG:root:Encoder saved at ../../torch_models/mm10/Hnf4a/adda/adda_tgt_enc_9.pth after 9 epochs
