DEBUG:root:Loading source and target data...
DEBUG:root:Initializing model...
DEBUG:root:DRCN(
  (featurizer): encoder(
    (featurizer): TFCNN(
      (featurizer): Sequential(
        (0): Conv1d(4, 240, kernel_size=(20,), stride=(1,), padding=same)
        (1): ReLU()
        (2): MaxPool1d(kernel_size=15, stride=15, padding=0, dilation=1, ceil_mode=False)
      )
    )
  )
  (classifier): TFLSTM(
    (lstm): LSTM(240, 32, batch_first=True)
    (fclayers): TFMLP(
      (fclayers): Sequential(
        (0): Linear(in_features=32, out_features=1024, bias=True)
        (1): ReLU()
        (2): Dropout(p=0.5, inplace=False)
        (3): Linear(in_features=1024, out_features=512, bias=True)
        (4): Sigmoid()
        (5): Linear(in_features=512, out_features=1, bias=True)
      )
    )
  )
  (decoder): decoder(
    (dconv0): ConvTranspose1d(240, 120, kernel_size=(4,), stride=(1,))
    (bn0): BatchNorm1d(120, eps=1e-05, momentum=0.1, affine=False, track_running_stats=True)
    (prelu0): PReLU(num_parameters=1)
    (dconv1): ConvTranspose1d(120, 64, kernel_size=(3,), stride=(2,), padding=(2,))
    (bn1): BatchNorm1d(64, eps=1e-05, momentum=0.1, affine=False, track_running_stats=True)
    (prelu1): PReLU(num_parameters=1)
    (dconv2): ConvTranspose1d(64, 32, kernel_size=(3,), stride=(2,), padding=(4,))
    (bn2): BatchNorm1d(32, eps=1e-05, momentum=0.1, affine=False, track_running_stats=True)
    (prelu2): PReLU(num_parameters=1)
    (dconv3): ConvTranspose1d(32, 16, kernel_size=(3,), stride=(2,), padding=(4,))
    (bn3): BatchNorm1d(16, eps=1e-05, momentum=0.1, affine=False, track_running_stats=True)
    (prelu3): PReLU(num_parameters=1)
    (dconv4): ConvTranspose1d(16, 8, kernel_size=(3,), stride=(2,), padding=(4,))
    (bn4): BatchNorm1d(8, eps=1e-05, momentum=0.1, affine=False, track_running_stats=True)
    (prelu4): PReLU(num_parameters=1)
    (dconv5): ConvTranspose1d(8, 4, kernel_size=(2,), stride=(1,), padding=(2,))
    (softmax): Softmax(dim=1)
  )
)
DEBUG:root:The model has 760234 parameters.
DEBUG:root:Making samplers...
DEBUG:root:Reconstruction Loss: 0.18528395248744317, Classification Loss: 0.2548160556101514
DEBUG:root:Epoch: 0, Validation Loss: 0.48578059047299765, Validation Reconstruction Loss: 0.17863972540921144, Validation APS: 0.13723192041536775
DEBUG:root:Reconstruction Loss: 0.17858311492287943, Classification Loss: 0.2601329699277639
DEBUG:root:Epoch: 1, Validation Loss: 0.3758918304467304, Validation Reconstruction Loss: 0.17622758963605628, Validation APS: 0.13841518634695688
DEBUG:root:Reconstruction Loss: 0.17743761587642598, Classification Loss: 0.24671072350766593
DEBUG:root:Epoch: 2, Validation Loss: 0.46028203476016766, Validation Reconstruction Loss: 0.17563381495269018, Validation APS: 0.13814302750475865
DEBUG:root:Reconstruction Loss: 0.17708041880302097, Classification Loss: 0.2523625487695912
DEBUG:root:Epoch: 3, Validation Loss: 0.42558809113955015, Validation Reconstruction Loss: 0.1754132662456025, Validation APS: 0.14275986930441192
DEBUG:root:Reconstruction Loss: 0.1769064022990283, Classification Loss: 0.24826541798795274
DEBUG:root:Epoch: 4, Validation Loss: 0.4529400044647453, Validation Reconstruction Loss: 0.17530231003139496, Validation APS: 0.1369220318762199
DEBUG:root:Reconstruction Loss: 0.17678521472417885, Classification Loss: 0.2446721053855147
DEBUG:root:Epoch: 5, Validation Loss: 0.5455258647228437, Validation Reconstruction Loss: 0.17522524631424827, Validation APS: 0.13222197996729024
DEBUG:root:Reconstruction Loss: 0.17670783730681056, Classification Loss: 0.250289489453781
DEBUG:root:Epoch: 6, Validation Loss: 0.4500386810742019, Validation Reconstruction Loss: 0.17517378524400234, Validation APS: 0.13233016407635945
DEBUG:root:Reconstruction Loss: 0.17663886259772815, Classification Loss: 0.24954329051835822
DEBUG:root:Epoch: 7, Validation Loss: 0.4660183448992973, Validation Reconstruction Loss: 0.1751335231300913, Validation APS: 0.1352408358761298
DEBUG:root:Reconstruction Loss: 0.17657170044685794, Classification Loss: 0.25270715715761444
DEBUG:root:Epoch: 8, Validation Loss: 0.48330559247330696, Validation Reconstruction Loss: 0.17509090609782232, Validation APS: 0.13145166270071024
DEBUG:root:Early stopping criterion fulfilled!
