DEBUG:root:Loading source and target data...
DEBUG:root:Initializing model...
DEBUG:root:DRCN(
  (featurizer): encoder(
    (featurizer): TFCNN(
      (featurizer): Sequential(
        (0): Conv1d(4, 240, kernel_size=(20,), stride=(1,), padding=same)
        (1): ReLU()
        (2): MaxPool1d(kernel_size=15, stride=15, padding=0, dilation=1, ceil_mode=False)
      )
    )
  )
  (classifier): TFLSTM(
    (lstm): LSTM(240, 32, batch_first=True)
    (fclayers): TFMLP(
      (fclayers): Sequential(
        (0): Linear(in_features=32, out_features=1024, bias=True)
        (1): ReLU()
        (2): Dropout(p=0.5, inplace=False)
        (3): Linear(in_features=1024, out_features=512, bias=True)
        (4): Sigmoid()
        (5): Linear(in_features=512, out_features=1, bias=True)
      )
    )
  )
  (decoder): decoder(
    (dconv0): ConvTranspose1d(240, 120, kernel_size=(4,), stride=(1,))
    (bn0): BatchNorm1d(120, eps=1e-05, momentum=0.1, affine=False, track_running_stats=True)
    (prelu0): PReLU(num_parameters=1)
    (dconv1): ConvTranspose1d(120, 64, kernel_size=(3,), stride=(2,), padding=(2,))
    (bn1): BatchNorm1d(64, eps=1e-05, momentum=0.1, affine=False, track_running_stats=True)
    (prelu1): PReLU(num_parameters=1)
    (dconv2): ConvTranspose1d(64, 32, kernel_size=(3,), stride=(2,), padding=(4,))
    (bn2): BatchNorm1d(32, eps=1e-05, momentum=0.1, affine=False, track_running_stats=True)
    (prelu2): PReLU(num_parameters=1)
    (dconv3): ConvTranspose1d(32, 16, kernel_size=(3,), stride=(2,), padding=(4,))
    (bn3): BatchNorm1d(16, eps=1e-05, momentum=0.1, affine=False, track_running_stats=True)
    (prelu3): PReLU(num_parameters=1)
    (dconv4): ConvTranspose1d(16, 8, kernel_size=(3,), stride=(2,), padding=(4,))
    (bn4): BatchNorm1d(8, eps=1e-05, momentum=0.1, affine=False, track_running_stats=True)
    (prelu4): PReLU(num_parameters=1)
    (dconv5): ConvTranspose1d(8, 4, kernel_size=(2,), stride=(1,), padding=(2,))
    (softmax): Softmax(dim=1)
  )
)
INFO:root:Previously trained model loaded!
DEBUG:root:The model has 760234 parameters.
DEBUG:root:Making samplers...
DEBUG:root:Epoch: 0, Reconstruction Loss: 0.15695430967384436, Classification Loss: 0.3144787784006316
DEBUG:root:Model saved at ../../torch_models/mm10/RXRA/drcn/drcn.pth
DEBUG:root:Epoch: 1, Reconstruction Loss: 0.1568382624031727, Classification Loss: 0.31398460475142725
DEBUG:root:Model saved at ../../torch_models/mm10/RXRA/drcn/drcn.pth
DEBUG:root:Epoch: 2, Reconstruction Loss: 0.15682023592542782, Classification Loss: 0.3139630398776919
DEBUG:root:Model saved at ../../torch_models/mm10/RXRA/drcn/drcn.pth
DEBUG:root:Epoch: 3, Reconstruction Loss: 0.1567975635076379, Classification Loss: 0.3135090590073898
DEBUG:root:Model saved at ../../torch_models/mm10/RXRA/drcn/drcn.pth
DEBUG:root:Epoch: 4, Reconstruction Loss: 0.15697425215889768, Classification Loss: 0.3129409212858694
DEBUG:root:Model saved at ../../torch_models/mm10/RXRA/drcn/drcn.pth
DEBUG:root:Epoch: 5, Reconstruction Loss: 0.1570156083651711, Classification Loss: 0.31169237519660536
DEBUG:root:Model saved at ../../torch_models/mm10/RXRA/drcn/drcn.pth
DEBUG:root:Epoch: 6, Reconstruction Loss: 0.15703803694775792, Classification Loss: 0.31131396324813043
DEBUG:root:Model saved at ../../torch_models/mm10/RXRA/drcn/drcn.pth
DEBUG:root:Epoch: 7, Reconstruction Loss: 0.15684648038168922, Classification Loss: 0.31015108626163473
DEBUG:root:Model saved at ../../torch_models/mm10/RXRA/drcn/drcn.pth
DEBUG:root:Epoch: 8, Reconstruction Loss: 0.1567607822291786, Classification Loss: 0.3100464238326214
DEBUG:root:Model saved at ../../torch_models/mm10/RXRA/drcn/drcn.pth
DEBUG:root:Epoch: 9, Reconstruction Loss: 0.15686474525424707, Classification Loss: 0.30877655780597474
DEBUG:root:Model saved at ../../torch_models/mm10/RXRA/drcn/drcn.pth
DEBUG:root:Epoch: 10, Reconstruction Loss: 0.15681497551053156, Classification Loss: 0.3093157672223761
DEBUG:root:Model saved at ../../torch_models/mm10/RXRA/drcn/drcn.pth
DEBUG:root:Epoch: 11, Reconstruction Loss: 0.1566896988380977, Classification Loss: 0.3094392529055527
DEBUG:root:Model saved at ../../torch_models/mm10/RXRA/drcn/drcn.pth
DEBUG:root:Epoch: 12, Reconstruction Loss: 0.1568498208184054, Classification Loss: 0.30747781617488895
DEBUG:root:Model saved at ../../torch_models/mm10/RXRA/drcn/drcn.pth
DEBUG:root:Epoch: 13, Reconstruction Loss: 0.1567014626889301, Classification Loss: 0.3068258785234208
DEBUG:root:Model saved at ../../torch_models/mm10/RXRA/drcn/drcn.pth
DEBUG:root:Epoch: 14, Reconstruction Loss: 0.15668787617693936, Classification Loss: 0.30618148136454054
DEBUG:root:Model saved at ../../torch_models/mm10/RXRA/drcn/drcn.pth
DEBUG:root:Epoch: 15, Reconstruction Loss: 0.15665418383948101, Classification Loss: 0.30605022628246586
DEBUG:root:Model saved at ../../torch_models/mm10/RXRA/drcn/drcn.pth
DEBUG:root:Epoch: 16, Reconstruction Loss: 0.15660394408335546, Classification Loss: 0.30416593306332834
DEBUG:root:Model saved at ../../torch_models/mm10/RXRA/drcn/drcn.pth
DEBUG:root:Epoch: 17, Reconstruction Loss: 0.1565846063370946, Classification Loss: 0.30441567360174415
DEBUG:root:Model saved at ../../torch_models/mm10/RXRA/drcn/drcn.pth
DEBUG:root:Epoch: 18, Reconstruction Loss: 0.1567799325582829, Classification Loss: 0.3043220365545735
DEBUG:root:Model saved at ../../torch_models/mm10/RXRA/drcn/drcn.pth
DEBUG:root:Epoch: 19, Reconstruction Loss: 0.15676277999086413, Classification Loss: 0.3027066767259294
DEBUG:root:Model saved at ../../torch_models/mm10/RXRA/drcn/drcn.pth
