INFO:root:Expanded filepaths: 
INFO:root:	../torch_models/mm10/CEBPA/dann/dann.pth
INFO:root:Using CUDA: True
DEBUG:root:loading dataset...
DEBUG:root:Initializing model...
DEBUG:root:The model has 9250034 parameters.
DEBUG:root:Training 9250034 parameters with 1234487 instances at a rate of 0.133458 instances per parameter.
DEBUG:root:Starting epoch: 0
DEBUG:root:Epoch: 0, Validation Loss: 0.25596835916062594, Validation APS: 0.2180185677908871
DEBUG:root:Starting epoch: 1
DEBUG:root:Epoch: 1, Validation Loss: 0.32733916556057674, Validation APS: 0.2829357199533491
DEBUG:root:Starting epoch: 2
DEBUG:root:Epoch: 2, Validation Loss: 0.27488972992127414, Validation APS: 0.30366824988227503
DEBUG:root:Starting epoch: 3
DEBUG:root:Epoch: 3, Validation Loss: 0.3103318946601541, Validation APS: 0.31487294376591535
DEBUG:root:Starting epoch: 4
DEBUG:root:Epoch: 4, Validation Loss: 0.21203389887492005, Validation APS: 0.31688335570598397
DEBUG:root:Starting epoch: 5
DEBUG:root:Epoch: 5, Validation Loss: 0.3135929782922415, Validation APS: 0.32060811082987384
DEBUG:root:Starting epoch: 6
DEBUG:root:Epoch: 6, Validation Loss: 0.40802254780760694, Validation APS: 0.30739653451816773
DEBUG:root:Starting epoch: 7
DEBUG:root:Epoch: 7, Validation Loss: 0.29353563073170424, Validation APS: 0.32215311726204365
DEBUG:root:Starting epoch: 8
DEBUG:root:Epoch: 8, Validation Loss: 0.21375405029842667, Validation APS: 0.325819805011843
DEBUG:root:Starting epoch: 9
DEBUG:root:Epoch: 9, Validation Loss: 0.2651349132785496, Validation APS: 0.3235031773267967
DEBUG:root:Starting epoch: 10
DEBUG:root:Epoch: 10, Validation Loss: 0.2974553787246317, Validation APS: 0.32640308735025053
DEBUG:root:Starting epoch: 11
DEBUG:root:Epoch: 11, Validation Loss: 0.28902291203435226, Validation APS: 0.3283135453336599
DEBUG:root:Starting epoch: 12
DEBUG:root:Epoch: 12, Validation Loss: 0.2848826078081851, Validation APS: 0.3280577197254325
DEBUG:root:Starting epoch: 13
DEBUG:root:Epoch: 13, Validation Loss: 0.25415247857486123, Validation APS: 0.32888498047525977
DEBUG:root:Starting epoch: 14
DEBUG:root:Epoch: 14, Validation Loss: 0.27754665794438993, Validation APS: 0.3274408152556213
