INFO:root:Expanded filepaths: 
INFO:root:	../torch_models/mm10/CTCF/dann/dann.pth
INFO:root:Using CUDA: True
DEBUG:root:loading dataset...
DEBUG:root:Initializing model...
DEBUG:root:The model has 9250034 parameters.
DEBUG:root:Training 9250034 parameters with 682927 instances at a rate of 0.07383 instances per parameter.
DEBUG:root:Starting epoch: 0
DEBUG:root:Epoch: 0, Validation Loss: 0.25080431483524, Validation APS: 0.5371852476212704
DEBUG:root:Starting epoch: 1
DEBUG:root:Epoch: 1, Validation Loss: 0.08003068481094873, Validation APS: 0.5654027342489063
DEBUG:root:Starting epoch: 2
DEBUG:root:Epoch: 2, Validation Loss: 0.11659061949267038, Validation APS: 0.591500169237537
DEBUG:root:Starting epoch: 3
DEBUG:root:Epoch: 3, Validation Loss: 0.214893179092493, Validation APS: 0.5945181833122454
DEBUG:root:Starting epoch: 4
DEBUG:root:Epoch: 4, Validation Loss: 0.1336389619967987, Validation APS: 0.6005383868927218
DEBUG:root:Starting epoch: 5
DEBUG:root:Epoch: 5, Validation Loss: 0.09440838726737405, Validation APS: 0.6026264423386012
DEBUG:root:Starting epoch: 6
DEBUG:root:Epoch: 6, Validation Loss: 0.08692711772615465, Validation APS: 0.6068237092564958
DEBUG:root:Starting epoch: 7
DEBUG:root:Epoch: 7, Validation Loss: 0.10092899350340304, Validation APS: 0.6136684713448596
DEBUG:root:Starting epoch: 8
DEBUG:root:Epoch: 8, Validation Loss: 0.09104932649730084, Validation APS: 0.6142862797925943
DEBUG:root:Starting epoch: 9
DEBUG:root:Epoch: 9, Validation Loss: 0.09993070810047351, Validation APS: 0.6185224903403798
DEBUG:root:Starting epoch: 10
DEBUG:root:Epoch: 10, Validation Loss: 0.10297576121190129, Validation APS: 0.6164884503918997
DEBUG:root:Starting epoch: 11
DEBUG:root:Epoch: 11, Validation Loss: 0.08889741302399214, Validation APS: 0.621590273780646
DEBUG:root:Starting epoch: 12
DEBUG:root:Epoch: 12, Validation Loss: 0.10245691038587154, Validation APS: 0.6176436903481398
DEBUG:root:Starting epoch: 13
DEBUG:root:Epoch: 13, Validation Loss: 0.10476913013053611, Validation APS: 0.6180560774695152
DEBUG:root:Starting epoch: 14
DEBUG:root:Epoch: 14, Validation Loss: 0.09098427891255904, Validation APS: 0.6179683446872652
