INFO:root:Expanded filepaths: 
INFO:root:	../torch_models/mm10/RXRA/dann/dann.pth
INFO:root:Using CUDA: True
DEBUG:root:loading dataset...
DEBUG:root:Initializing model...
DEBUG:root:The model has 9250034 parameters.
DEBUG:root:Training 9250034 parameters with 963157 instances at a rate of 0.104125 instances per parameter.
DEBUG:root:Starting epoch: 0
DEBUG:root:Epoch: 0, Validation Loss: 0.5249156161945585, Validation APS: 0.10694776134782467
DEBUG:root:Starting epoch: 1
DEBUG:root:Epoch: 1, Validation Loss: 0.4083009863170198, Validation APS: 0.14781487899316903
DEBUG:root:Starting epoch: 2
DEBUG:root:Epoch: 2, Validation Loss: 0.49924488132132827, Validation APS: 0.17411332773839042
DEBUG:root:Starting epoch: 3
DEBUG:root:Epoch: 3, Validation Loss: 0.24907639583393187, Validation APS: 0.21194281761414696
DEBUG:root:Starting epoch: 4
DEBUG:root:Epoch: 4, Validation Loss: 0.34479997230725384, Validation APS: 0.21947588195878573
DEBUG:root:Starting epoch: 5
DEBUG:root:Epoch: 5, Validation Loss: 0.3125027007664544, Validation APS: 0.2268712150593674
DEBUG:root:Starting epoch: 6
DEBUG:root:Epoch: 6, Validation Loss: 0.3361035574136028, Validation APS: 0.23015665817640665
DEBUG:root:Starting epoch: 7
